2020-08-11 10:58:12.893  INFO 7088 --- [restartedMain] com.ssau.Hostel7.Hostel7Application      : Starting Hostel7Application on DESKTOP-2A1770Q with PID 7088 (I:\Hostel№7\target\classes started by stass in I:\Hostel№7)
2020-08-11 10:58:12.900  INFO 7088 --- [restartedMain] com.ssau.Hostel7.Hostel7Application      : No active profile set, falling back to default profiles: default
2020-08-11 10:58:12.954  INFO 7088 --- [restartedMain] o.s.b.devtools.restart.ChangeableUrls    : The Class-Path manifest attribute in C:\Users\stass\.m2\repository\org\glassfish\jaxb\jaxb-runtime\2.3.2\jaxb-runtime-2.3.2.jar referenced one or more files that do not exist: file:/C:/Users/stass/.m2/repository/org/glassfish/jaxb/jaxb-runtime/2.3.2/jakarta.xml.bind-api-2.3.2.jar,file:/C:/Users/stass/.m2/repository/org/glassfish/jaxb/jaxb-runtime/2.3.2/txw2-2.3.2.jar,file:/C:/Users/stass/.m2/repository/org/glassfish/jaxb/jaxb-runtime/2.3.2/istack-commons-runtime-3.0.8.jar,file:/C:/Users/stass/.m2/repository/org/glassfish/jaxb/jaxb-runtime/2.3.2/stax-ex-1.8.1.jar,file:/C:/Users/stass/.m2/repository/org/glassfish/jaxb/jaxb-runtime/2.3.2/FastInfoset-1.2.16.jar,file:/C:/Users/stass/.m2/repository/org/glassfish/jaxb/jaxb-runtime/2.3.2/jakarta.activation-api-1.2.1.jar
2020-08-11 10:58:12.956  INFO 7088 --- [restartedMain] .e.DevToolsPropertyDefaultsPostProcessor : Devtools property defaults active! Set 'spring.devtools.add-properties' to 'false' to disable
2020-08-11 10:58:12.957  INFO 7088 --- [restartedMain] .e.DevToolsPropertyDefaultsPostProcessor : For additional web related logging consider setting the 'logging.level.web' property to 'DEBUG'
2020-08-11 10:58:13.808  INFO 7088 --- [restartedMain] .s.d.r.c.RepositoryConfigurationDelegate : Bootstrapping Spring Data JPA repositories in DEFAULT mode.
2020-08-11 10:58:13.891  INFO 7088 --- [restartedMain] .s.d.r.c.RepositoryConfigurationDelegate : Finished Spring Data repository scanning in 75ms. Found 8 JPA repository interfaces.
2020-08-11 10:58:14.570  INFO 7088 --- [restartedMain] o.s.b.w.embedded.tomcat.TomcatWebServer  : Tomcat initialized with port(s): 8080 (http)
2020-08-11 10:58:14.579  INFO 7088 --- [restartedMain] o.apache.catalina.core.StandardService   : Starting service [Tomcat]
2020-08-11 10:58:14.580  INFO 7088 --- [restartedMain] org.apache.catalina.core.StandardEngine  : Starting Servlet engine: [Apache Tomcat/9.0.33]
2020-08-11 10:58:14.704  INFO 7088 --- [restartedMain] o.a.c.c.C.[Tomcat].[localhost].[/]       : Initializing Spring embedded WebApplicationContext
2020-08-11 10:58:14.705  INFO 7088 --- [restartedMain] o.s.web.context.ContextLoader            : Root WebApplicationContext: initialization completed in 1748 ms
2020-08-11 10:58:14.839  INFO 7088 --- [restartedMain] com.zaxxer.hikari.HikariDataSource       : HikariPool-1 - Starting...
2020-08-11 10:58:15.743  INFO 7088 --- [restartedMain] com.zaxxer.hikari.HikariDataSource       : HikariPool-1 - Start completed.
2020-08-11 10:58:18.067  INFO 7088 --- [restartedMain] j.LocalContainerEntityManagerFactoryBean : Initialized JPA EntityManagerFactory for persistence unit 'default'
2020-08-11 10:58:18.385  WARN 7088 --- [restartedMain] JpaBaseConfiguration$JpaWebConfiguration : spring.jpa.open-in-view is enabled by default. Therefore, database queries may be performed during view rendering. Explicitly configure spring.jpa.open-in-view to disable this warning
2020-08-11 10:58:18.580  INFO 7088 --- [restartedMain] o.s.s.web.DefaultSecurityFilterChain     : Creating filter chain: any request, [org.springframework.security.web.context.request.async.WebAsyncManagerIntegrationFilter@3a8207b3, org.springframework.security.web.context.SecurityContextPersistenceFilter@40da0c8c, org.springframework.security.web.header.HeaderWriterFilter@71a2d3cc, org.springframework.security.web.csrf.CsrfFilter@688c1642, org.springframework.security.web.authentication.logout.LogoutFilter@3ed7cba0, com.ssau.Hostel7.service.filter.JwtAuthenticationFilter@296a0b37, org.springframework.security.web.authentication.UsernamePasswordAuthenticationFilter@4e4c0b99, org.springframework.security.web.savedrequest.RequestCacheAwareFilter@7857ed5f, org.springframework.security.web.servletapi.SecurityContextHolderAwareRequestFilter@744a6308, org.springframework.security.web.authentication.AnonymousAuthenticationFilter@688814ff, org.springframework.security.web.session.SessionManagementFilter@26056aee, org.springframework.security.web.access.ExceptionTranslationFilter@3b54e582, org.springframework.security.web.access.intercept.FilterSecurityInterceptor@1c73469b]
2020-08-11 10:58:18.727  INFO 7088 --- [restartedMain] o.s.s.concurrent.ThreadPoolTaskExecutor  : Initializing ExecutorService 'applicationTaskExecutor'
2020-08-11 10:58:18.903  INFO 7088 --- [restartedMain] o.s.b.d.a.OptionalLiveReloadServer       : LiveReload server is running on port 35729
2020-08-11 10:58:18.952  INFO 7088 --- [restartedMain] o.s.b.w.embedded.tomcat.TomcatWebServer  : Tomcat started on port(s): 8080 (http) with context path ''
2020-08-11 10:58:18.955  INFO 7088 --- [restartedMain] com.ssau.Hostel7.Hostel7Application      : Started Hostel7Application in 6.587 seconds (JVM running for 7.996)
